
ROM used:   874/8192 (11%)
            874/8192 (11%) including unused fragments

            0.7 Average locations per line
            7.9 Average locations per statement

RAM used:   11/368 (3%) at main() level
            26/368 (7%) worst case

Stack used: 5 worst case (5 in main + 0 for interrupts)
Stack size: 8

Lines Stmts  %   Files
----- ----- ---  -----
   68    26  24  Pic16f877 ile Servo Motor Kontrolu.c
  642     0   0  ..\..\..\..\..\Program Files (x86)\PICC\Devices\16f877.h
  456    84  76  ..\..\..\..\..\Program Files (x86)\PICC\Drivers\lcd.c
----- -----
 1166   110 Total

Page ROM  %  RAM    Vol Diff  Functions:
---- --- --- ---    --- ----  ----------
0     21   2    1             @delay_ms1
0     20   2    1             @delay_us1
 Inline         3    596  5.9  lcd_read_byte
0      6   1    0     59  4.2  lcd_read_nibble
0     12   1    1    179  3.3  lcd_send_nibble
0     64   7    3    460  4.7  lcd_send_byte
0     62   7    6    814  7.2  lcd_init
0     18   2    4    208  6.3  lcd_gotoxy
0     44   5    1    354  4.7  lcd_putc
0    124  14    6    185  3.0  servo
0      9   1    0             @const632
0     87  10    5             @PSTRINGCN7_615
0     21   2    3             @DIV88
 Inline         2             @PRINTF_U_615
0    114  13    2    516  3.7  MAIN
0     31   4    2             @ITOF
0    204  23   14             @DIVFF
0     33   4    4             @SFTOI
 Inline         0             @cinit1

Program metrics:
    Functions               9
    Statements              110
    Comments                215
    Volume (V)              5223
    Difficulty (D)          40.6
    Effort to implement (E) 212020
    Time to implement (T)   3 hours, 16 minutes
    Est Delivered Bugs (B)  1
    Cyclomatic Complexity   8
    Maintainability (MI)    145

 Segment     Used  Free
-----------  ----  ----
00000-00003     4  0  
00004-007FF   870  1174  
00800-00FFF     0  2048  
01000-017FF     0  2048  
01800-01FFF     0  2048  



